#
# There is insufficient memory for the Java Runtime Environment to continue.
# Native memory allocation (mmap) failed to map 459276288 bytes for Failed to commit area from 0x000000008db00000 to 0x00000000a9100000 of length 459276288.
# Possible reasons:
#   The system is out of physical RAM or swap space
#   The process is running with CompressedOops enabled, and the Java Heap may be blocking the growth of the native heap
# Possible solutions:
#   Reduce memory load on the system
#   Increase physical memory or swap space
#   Check if swap backing store is full
#   Decrease Java heap size (-Xmx/-Xms)
#   Decrease number of Java threads
#   Decrease Java thread stack sizes (-Xss)
#   Set larger code cache with -XX:ReservedCodeCacheSize=
#   JVM is running with Unscaled Compressed Oops mode in which the Java heap is
#     placed in the first 4GB address space. The Java Heap base address is the
#     maximum limit for the native heap growth. Please use -XX:HeapBaseMinAddress
#     to set the Java Heap base and to place the Java Heap above 4GB virtual address.
# This output file may be truncated or incomplete.
#
#  Out of Memory Error (./src/hotspot/os/windows/os_windows.cpp:3301), pid=48468, tid=31452
#
# JRE version: OpenJDK Runtime Environment (11.0.10) (build 11.0.10+0-b96-7249189)
# Java VM: OpenJDK 64-Bit Server VM (11.0.10+0-b96-7249189, mixed mode, tiered, compressed oops, g1 gc, windows-amd64)
# No core dump will be written. Minidumps are not enabled by default on client versions of Windows
#

---------------  S U M M A R Y ------------

Command Line: -XX:MaxPermSize=512m -XX:+HeapDumpOnOutOfMemoryError --add-opens=java.base/java.util=ALL-UNNAMED --add-opens=java.base/java.lang=ALL-UNNAMED --add-opens=java.base/java.lang.invoke=ALL-UNNAMED --add-opens=java.prefs/java.util.prefs=ALL-UNNAMED -Xmx2048m -Dfile.encoding=UTF-8 -Duser.country=CN -Duser.language=zh -Duser.variant org.gradle.launcher.daemon.bootstrap.GradleDaemon 5.4.1

Host: Intel(R) Core(TM) i7-8750H CPU @ 2.20GHz, 12 cores, 7G,  Windows 10 , 64 bit Build 18362 (10.0.18362.1500)
Time: Thu Oct 21 16:24:35 2021 ?D1¨²¡À¨º¡Á?¨º¡À?? elapsed time: 6509.839802 seconds (0d 1h 48m 29s)

---------------  T H R E A D  ---------------

Current thread (0x0000028fc579c800):  VMThread "VM Thread" [stack: 0x000000bbcae00000,0x000000bbcaf00000] [id=31452]

Stack: [0x000000bbcae00000,0x000000bbcaf00000]
[error occurred during error reporting (printing stack bounds), id 0xc0000005, EXCEPTION_ACCESS_VIOLATION (0xc0000005) at pc=0x0000028fae1e0f2d]

Native frames: (J=compiled Java code, j=interpreted, Vv=VM code, C=native code)
V  [jvm.dll+0x5ecfaa]
V  [jvm.dll+0x722bd5]
V  [jvm.dll+0x72412d]
V  [jvm.dll+0x724745]
V  [jvm.dll+0x7246fb]
V  [jvm.dll+0x5ec348]
V  [jvm.dll+0x5ecad8]
C  [ntdll.dll+0xa1fff]
C  [ntdll.dll+0x6aad9]
C  [ntdll.dll+0xa0c6e]
C  0x0000028fae1e0f2d

VM_Operation (0x000000bbcdbfb9d0): G1CollectForAllocation, mode: safepoint, requested by thread 0x0000028fc8a88000


---------------  P R O C E S S  ---------------

Threads class SMR info:
_java_thread_list=0x0000028fcf2f4410, length=42, elements={
0x0000028fa8f0a000, 0x0000028fc5fc1800, 0x0000028fc5fca800, 0x0000028fc6019800,
0x0000028fc601a000, 0x0000028fc601b000, 0x0000028fc6021800, 0x0000028fc6024800,
0x0000028fc6025800, 0x0000028fc6197000, 0x0000028fc7d81800, 0x0000028fc6ebb800,
0x0000028fc6c18800, 0x0000028fc75be800, 0x0000028fc75bd000, 0x0000028fc75bc000,
0x0000028fc8a83800, 0x0000028fcce46000, 0x0000028fcce41000, 0x0000028fcce42000,
0x0000028fcce48800, 0x0000028fcce43000, 0x0000028fcce49800, 0x0000028fcce43800,
0x0000028fcce4a000, 0x0000028fcce44800, 0x0000028fcce4e000, 0x0000028fcce4d800,
0x0000028fcce4c000, 0x0000028fcce50000, 0x0000028fcce4b000, 0x0000028fcce4c800,
0x0000028fc8a87800, 0x0000028fc8a84000, 0x0000028fc8a85000, 0x0000028fc8a88000,
0x0000028fc75be000, 0x0000028fcf2d3000, 0x0000028fcf2d6800, 0x0000028fcf2d8000,
0x0000028fcf2d5800, 0x0000028fcf2d7000
}

Java Threads: ( => current thread )
  0x0000028fa8f0a000 JavaThread "main" [_thread_blocked, id=47444, stack(0x000000bbca800000,0x000000bbca900000)]
  0x0000028fc5fc1800 JavaThread "Reference Handler" daemon [_thread_blocked, id=14680, stack(0x000000bbcaf00000,0x000000bbcb000000)]
  0x0000028fc5fca800 JavaThread "Finalizer" daemon [_thread_blocked, id=15824, stack(0x000000bbcb000000,0x000000bbcb100000)]
  0x0000028fc6019800 JavaThread "Signal Dispatcher" daemon [_thread_blocked, id=19364, stack(0x000000bbcb100000,0x000000bbcb200000)]
  0x0000028fc601a000 JavaThread "Attach Listener" daemon [_thread_blocked, id=8944, stack(0x000000bbcb200000,0x000000bbcb300000)]
  0x0000028fc601b000 JavaThread "Service Thread" daemon [_thread_blocked, id=24216, stack(0x000000bbcb300000,0x000000bbcb400000)]
  0x0000028fc6021800 JavaThread "C2 CompilerThread0" daemon [_thread_blocked, id=26312, stack(0x000000bbcb400000,0x000000bbcb500000)]
  0x0000028fc6024800 JavaThread "C1 CompilerThread0" daemon [_thread_blocked, id=6980, stack(0x000000bbcb500000,0x000000bbcb600000)]
  0x0000028fc6025800 JavaThread "Sweeper thread" daemon [_thread_blocked, id=18448, stack(0x000000bbcb600000,0x000000bbcb700000)]
  0x0000028fc6197000 JavaThread "Common-Cleaner" daemon [_thread_blocked, id=25800, stack(0x000000bbcb700000,0x000000bbcb800000)]
  0x0000028fc7d81800 JavaThread "Daemon health stats" [_thread_blocked, id=43904, stack(0x000000bbcbd00000,0x000000bbcbe00000)]
  0x0000028fc6ebb800 JavaThread "Incoming local TCP Connector on port 50116" [_thread_in_native, id=41348, stack(0x000000bbcb900000,0x000000bbcba00000)]
  0x0000028fc6c18800 JavaThread "Daemon periodic checks" [_thread_blocked, id=48376, stack(0x000000bbcba00000,0x000000bbcbb00000)]
  0x0000028fc75be800 JavaThread "Cache worker for file hash cache (C:\Users\é¡¾æœ¬é¾™\.gradle\wrapper\dists\gradle-5.4.1-all\caches\5.4.1\fileHashes)" [_thread_blocked, id=15132, stack(0x000000bbcc600000,0x000000bbcc700000)]
  0x0000028fc75bd000 JavaThread "File lock request listener" [_thread_in_native, id=21332, stack(0x000000bbcce00000,0x000000bbccf00000)]
  0x0000028fc75bc000 JavaThread "Cache worker for journal cache (C:\Users\é¡¾æœ¬é¾™\.gradle\wrapper\dists\gradle-5.4.1-all\caches\journal-1)" [_thread_blocked, id=27536, stack(0x000000bbccf00000,0x000000bbcd000000)]
  0x0000028fc8a83800 JavaThread "Cache worker for execution history cache (C:\Users\é¡¾æœ¬é¾™\.gradle\wrapper\dists\gradle-5.4.1-all\caches\5.4.1\executionHistory)" [_thread_blocked, id=38096, stack(0x000000bbcc500000,0x000000bbcc600000)]
  0x0000028fcce46000 JavaThread "Daemon Thread 8" [_thread_blocked, id=16312, stack(0x000000bbca500000,0x000000bbca600000)]
  0x0000028fcce41000 JavaThread "Handler for socket connection from /127.0.0.1:50116 to /127.0.0.1:54433" [_thread_in_native, id=12364, stack(0x000000bbca600000,0x000000bbca700000)]
  0x0000028fcce42000 JavaThread "Cancel handler" [_thread_blocked, id=4444, stack(0x000000bbca700000,0x000000bbca800000)]
  0x0000028fcce48800 JavaThread "Daemon worker Thread 7" [_thread_blocked, id=37916, stack(0x000000bbcbe00000,0x000000bbcbf00000)]
  0x0000028fcce43000 JavaThread "Asynchronous log dispatcher for DefaultDaemonConnection: socket connection from /127.0.0.1:50116 to /127.0.0.1:54433" [_thread_blocked, id=33248, stack(0x000000bbcbf00000,0x000000bbcc000000)]
  0x0000028fcce49800 JavaThread "Stdin handler" [_thread_blocked, id=42348, stack(0x000000bbcc000000,0x000000bbcc100000)]
  0x0000028fcce43800 JavaThread "Thread-149" [_thread_blocked, id=24204, stack(0x000000bbcc100000,0x000000bbcc200000)]
  0x0000028fcce4a000 JavaThread "Cache worker for file hash cache (D:\ruan gong\5\AnExplorer-4.1.1\.gradle\5.4.1\fileHashes)" [_thread_blocked, id=37188, stack(0x000000bbcc200000,0x000000bbcc300000)]
  0x0000028fcce44800 JavaThread "Cache worker for cache directory md-supplier (C:\Users\é¡¾æœ¬é¾™\.gradle\wrapper\dists\gradle-5.4.1-all\caches\5.4.1\md-supplier)" [_thread_blocked, id=29240, stack(0x000000bbcc300000,0x000000bbcc400000)]
  0x0000028fcce4e000 JavaThread "Cache worker for cache directory md-rule (C:\Users\é¡¾æœ¬é¾™\.gradle\wrapper\dists\gradle-5.4.1-all\caches\5.4.1\md-rule)" [_thread_blocked, id=43016, stack(0x000000bbcc400000,0x000000bbcc500000)]
  0x0000028fcce4d800 JavaThread "Build operations" [_thread_blocked, id=31512, stack(0x000000bbcd200000,0x000000bbcd300000)]
  0x0000028fcce4c000 JavaThread "Build operations Thread 2" [_thread_blocked, id=30948, stack(0x000000bbcd400000,0x000000bbcd500000)]
  0x0000028fcce50000 JavaThread "Build operations Thread 3" [_thread_blocked, id=21372, stack(0x000000bbcd500000,0x000000bbcd600000)]
  0x0000028fcce4b000 JavaThread "Build operations Thread 4" [_thread_blocked, id=38824, stack(0x000000bbcd600000,0x000000bbcd700000)]
  0x0000028fcce4c800 JavaThread "Build operations Thread 5" [_thread_blocked, id=34180, stack(0x000000bbcd700000,0x000000bbcd800000)]
  0x0000028fc8a87800 JavaThread "Build operations Thread 6" [_thread_blocked, id=27388, stack(0x000000bbcd800000,0x000000bbcd900000)]
  0x0000028fc8a84000 JavaThread "Build operations Thread 7" [_thread_blocked, id=46352, stack(0x000000bbcd900000,0x000000bbcda00000)]
  0x0000028fc8a85000 JavaThread "Build operations Thread 8" [_thread_blocked, id=21276, stack(0x000000bbcda00000,0x000000bbcdb00000)]
  0x0000028fc8a88000 JavaThread "Build operations Thread 9" [_thread_blocked, id=16228, stack(0x000000bbcdb00000,0x000000bbcdc00000)]
  0x0000028fc75be000 JavaThread "Build operations Thread 10" [_thread_blocked, id=36352, stack(0x000000bbcdc00000,0x000000bbcdd00000)]
  0x0000028fcf2d3000 JavaThread "Build operations Thread 11" [_thread_blocked, id=22412, stack(0x000000bbcdd00000,0x000000bbcde00000)]
  0x0000028fcf2d6800 JavaThread "Build operations Thread 12" [_thread_blocked, id=16372, stack(0x000000bbcde00000,0x000000bbcdf00000)]
  0x0000028fcf2d8000 JavaThread "pool-7-thread-1" [_thread_blocked, id=6540, stack(0x000000bbce000000,0x000000bbce100000)]
  0x0000028fcf2d5800 JavaThread "Cache worker for Build Output Cleanup Cache (D:\ruan gong\5\AnExplorer-4.1.1\.gradle\buildOutputCleanup)" [_thread_blocked, id=42300, stack(0x000000bbce100000,0x000000bbce200000)]
  0x0000028fcf2d7000 JavaThread "Memory manager" [_thread_blocked, id=45164, stack(0x000000bbce200000,0x000000bbce300000)]

Other Threads:
=>0x0000028fc579c800 VMThread "VM Thread" [stack: 0x000000bbcae00000,0x000000bbcaf00000] [id=31452]
  0x0000028fc61bd000 WatcherThread [stack: 0x000000bbcb800000,0x000000bbcb900000] [id=32636]
  0x0000028fa8f23800 GCTaskThread "GC Thread#0" [stack: 0x000000bbca900000,0x000000bbcaa00000] [id=20852]
  0x0000028fc6e76800 GCTaskThread "GC Thread#1" [stack: 0x000000bbcbb00000,0x000000bbcbc00000] [id=10632]
  0x0000028fc6bbc800 GCTaskThread "GC Thread#2" [stack: 0x000000bbcbc00000,0x000000bbcbd00000] [id=2140]
  0x0000028fc8adb800 GCTaskThread "GC Thread#3" [stack: 0x000000bbcc700000,0x000000bbcc800000] [id=21548]
  0x0000028fc7ed7800 GCTaskThread "GC Thread#4" [stack: 0x000000bbcc800000,0x000000bbcc900000] [id=19288]
  0x0000028fc769a800 GCTaskThread "GC Thread#5" [stack: 0x000000bbcc900000,0x000000bbcca00000] [id=48084]
  0x0000028fc71f1000 GCTaskThread "GC Thread#6" [stack: 0x000000bbcca00000,0x000000bbccb00000] [id=6120]
  0x0000028fc6b52000 GCTaskThread "GC Thread#7" [stack: 0x000000bbccb00000,0x000000bbccc00000] [id=35884]
  0x0000028fc75cc800 GCTaskThread "GC Thread#8" [stack: 0x000000bbccc00000,0x000000bbccd00000] [id=24388]
  0x0000028fc766e000 GCTaskThread "GC Thread#9" [stack: 0x000000bbccd00000,0x000000bbcce00000] [id=24124]
  0x0000028fa8f57000 ConcurrentGCThread "G1 Main Marker" [stack: 0x000000bbcaa00000,0x000000bbcab00000] [id=39460]
  0x0000028fa8f5a800 ConcurrentGCThread "G1 Conc#0" [stack: 0x000000bbcab00000,0x000000bbcac00000] [id=30232]
  0x0000028fc8bc7000 ConcurrentGCThread "G1 Conc#1" [stack: 0x000000bbcd000000,0x000000bbcd100000] [id=7920]
  0x0000028fc80d7800 ConcurrentGCThread "G1 Conc#2" [stack: 0x000000bbcd100000,0x000000bbcd200000] [id=7588]
  0x0000028fc55e7800 ConcurrentGCThread "G1 Refine#0" [stack: 0x000000bbcac00000,0x000000bbcad00000] [id=44856]
  0x0000028fc55e8800 ConcurrentGCThread "G1 Young RemSet Sampling" [stack: 0x000000bbcad00000,0x000000bbcae00000] [id=18268]

Threads with active compile tasks:
C2 CompilerThread06509910 16241       4       org.objectweb.asm.commons.Remapper::mapMethodDesc (108 bytes)

VM state:at safepoint (normal execution)

VM Mutex/Monitor currently owned by a thread:  ([mutex/lock_event])
[0x0000028fa8f07ee0] Threads_lock - owner thread: 0x0000028fc579c800
[0x0000028fa8f081b0] Heap_lock - owner thread: 0x0000028fc8a88000

Heap address: 0x0000000080000000, size: 2048 MB, Compressed Oops mode: 32-bit
Narrow klass base: 0x0000000000000000, Narrow klass shift: 3
Compressed class space size: 1073741824 Address: 0x0000000100000000

Heap:
 garbage-first heap   total 672768K, used 118385K [0x0000000080000000, 0x0000000100000000)
  region size 1024K, 3 young (3072K), 3 survivors (3072K)
 Metaspace       used 104944K, capacity 107592K, committed 108544K, reserved 1144832K
  class space    used 12461K, capacity 13283K, committed 13568K, reserved 1048576K
Heap Regions: E=young(eden), S=young(survivor), O=old, HS=humongous(starts), HC=humongous(continues), CS=collection set, F=free, A=archive, TAMS=top-at-mark-start (previous, next)
|   0|0x0000000080000000, 0x0000000080100000, 0x0000000080100000|100%| O|  |TAMS 0x0000000080100000, 0x0000000080000000| Untracked 
|   1|0x0000000080100000, 0x0000000080200000, 0x0000000080200000|100%| O|  |TAMS 0x0000000080200000, 0x0000000080100000| Untracked 
|   2|0x0000000080200000, 0x0000000080300000, 0x0000000080300000|100%|HS|  |TAMS 0x0000000080300000, 0x0000000080200000| Complete 
|   3|0x0000000080300000, 0x0000000080400000, 0x0000000080400000|100%|HS|  |TAMS 0x0000000080400000, 0x0000000080300000| Complete 
|   4|0x0000000080400000, 0x0000000080500000, 0x0000000080500000|100%|HC|  |TAMS 0x0000000080500000, 0x0000000080400000| Complete 
|   5|0x0000000080500000, 0x0000000080600000, 0x0000000080600000|100%| O|  |TAMS 0x0000000080600000, 0x0000000080500000| Untracked 
|   6|0x0000000080600000, 0x0000000080700000, 0x0000000080700000|100%| O|  |TAMS 0x0000000080700000, 0x0000000080600000| Complete 
|   7|0x0000000080700000, 0x0000000080800000, 0x0000000080800000|100%| O|  |TAMS 0x0000000080800000, 0x0000000080700000| Untracked 
|   8|0x0000000080800000, 0x0000000080900000, 0x0000000080900000|100%| O|  |TAMS 0x0000000080900000, 0x0000000080800000| Untracked 
|   9|0x0000000080900000, 0x0000000080a00000, 0x0000000080a00000|100%| O|  |TAMS 0x0000000080a00000, 0x0000000080900000| Untracked 
|  10|0x0000000080a00000, 0x0000000080b00000, 0x0000000080b00000|100%| O|  |TAMS 0x0000000080b00000, 0x0000000080a00000| Untracked 
|  11|0x0000000080b00000, 0x0000000080c00000, 0x0000000080c00000|100%| O|  |TAMS 0x0000000080c00000, 0x0000000080b00000| Untracked 
|  12|0x0000000080c00000, 0x0000000080d00000, 0x0000000080d00000|100%| O|  |TAMS 0x0000000080d00000, 0x0000000080c00000| Untracked 
|  13|0x0000000080d00000, 0x0000000080e00000, 0x0000000080e00000|100%| O|  |TAMS 0x0000000080e00000, 0x0000000080d00000| Complete 
|  14|0x0000000080e00000, 0x0000000080f00000, 0x0000000080f00000|100%| O|  |TAMS 0x0000000080f00000, 0x0000000080e00000| Complete 
|  15|0x0000000080f00000, 0x0000000081000000, 0x0000000081000000|100%|HS|  |TAMS 0x0000000081000000, 0x0000000080f00000| Complete 
|  16|0x0000000081000000, 0x0000000081100000, 0x0000000081100000|100%|HC|  |TAMS 0x0000000081100000, 0x0000000081000000| Complete 
|  17|0x0000000081100000, 0x0000000081200000, 0x0000000081200000|100%|HS|  |TAMS 0x0000000081200000, 0x0000000081100000| Complete 
|  18|0x0000000081200000, 0x0000000081300000, 0x0000000081300000|100%|HC|  |TAMS 0x0000000081300000, 0x0000000081200000| Complete 
|  19|0x0000000081300000, 0x0000000081400000, 0x0000000081400000|100%|HC|  |TAMS 0x0000000081400000, 0x0000000081300000| Complete 
|  20|0x0000000081400000, 0x0000000081500000, 0x0000000081500000|100%|HS|  |TAMS 0x0000000081500000, 0x0000000081400000| Complete 
|  21|0x0000000081500000, 0x0000000081600000, 0x0000000081600000|100%|HC|  |TAMS 0x0000000081600000, 0x0000000081500000| Complete 
|  22|0x0000000081600000, 0x0000000081700000, 0x0000000081700000|100%|HC|  |TAMS 0x0000000081700000, 0x0000000081600000| Complete 
|  23|0x0000000081700000, 0x0000000081800000, 0x0000000081800000|100%|HC|  |TAMS 0x0000000081800000, 0x0000000081700000| Complete 
|  24|0x0000000081800000, 0x0000000081900000, 0x0000000081900000|100%|HC|  |TAMS 0x0000000081900000, 0x0000000081800000| Complete 
|  25|0x0000000081900000, 0x0000000081a00000, 0x0000000081a00000|100%| O|  |TAMS 0x0000000081a00000, 0x0000000081900000| Complete 
|  26|0x0000000081a00000, 0x0000000081b00000, 0x0000000081b00000|100%| O|  |TAMS 0x0000000081b00000, 0x0000000081a00000| Complete 
|  27|0x0000000081b00000, 0x0000000081c00000, 0x0000000081c00000|100%| O|  |TAMS 0x0000000081c00000, 0x0000000081b00000| Complete 
|  28|0x0000000081c00000, 0x0000000081d00000, 0x0000000081d00000|100%| O|  |TAMS 0x0000000081d00000, 0x0000000081c00000| Untracked 
|  29|0x0000000081d00000, 0x0000000081e00000, 0x0000000081e00000|100%| O|  |TAMS 0x0000000081e00000, 0x0000000081d00000| Untracked 
|  30|0x0000000081e00000, 0x0000000081f00000, 0x0000000081f00000|100%| O|  |TAMS 0x0000000081f00000, 0x0000000081e00000| Complete 
|  31|0x0000000081f00000, 0x0000000082000000, 0x0000000082000000|100%| O|  |TAMS 0x0000000082000000, 0x0000000081f00000| Complete 
|  32|0x0000000082000000, 0x0000000082100000, 0x0000000082100000|100%| O|  |TAMS 0x0000000082100000, 0x0000000082000000| Complete 
|  33|0x0000000082100000, 0x0000000082200000, 0x0000000082200000|100%| O|  |TAMS 0x0000000082200000, 0x0000000082100000| Complete 
|  34|0x0000000082200000, 0x0000000082300000, 0x0000000082300000|100%| O|  |TAMS 0x0000000082300000, 0x0000000082200000| Untracked 
|  35|0x0000000082300000, 0x0000000082400000, 0x0000000082400000|100%| O|  |TAMS 0x0000000082400000, 0x0000000082300000| Complete 
|  36|0x0000000082400000, 0x0000000082500000, 0x0000000082500000|100%| O|  |TAMS 0x0000000082500000, 0x0000000082400000| Complete 
|  37|0x0000000082500000, 0x0000000082600000, 0x0000000082600000|100%| O|  |TAMS 0x0000000082500000, 0x0000000082500000| Untracked 
|  38|0x0000000082600000, 0x0000000082700000, 0x0000000082700000|100%| O|  |TAMS 0x0000000082700000, 0x0000000082600000| Untracked 
|  39|0x0000000082700000, 0x0000000082800000, 0x0000000082800000|100%| O|  |TAMS 0x0000000082800000, 0x0000000082700000| Untracked 
|  40|0x0000000082800000, 0x0000000082900000, 0x0000000082900000|100%| O|  |TAMS 0x0000000082900000, 0x0000000082800000| Untracked 
|  41|0x0000000082900000, 0x0000000082a00000, 0x0000000082a00000|100%| O|  |TAMS 0x0000000082a00000, 0x0000000082900000| Complete 
|  42|0x0000000082a00000, 0x0000000082b00000, 0x0000000082b00000|100%| O|  |TAMS 0x0000000082b00000, 0x0000000082a00000| Complete 
|  43|0x0000000082b00000, 0x0000000082c00000, 0x0000000082c00000|100%| O|  |TAMS 0x0000000082c00000, 0x0000000082b00000| Complete 
|  44|0x0000000082c00000, 0x0000000082d00000, 0x0000000082d00000|100%| O|  |TAMS 0x0000000082d00000, 0x0000000082c00000| Complete 
|  45|0x0000000082d00000, 0x0000000082e00000, 0x0000000082e00000|100%| O|  |TAMS 0x0000000082e00000, 0x0000000082d00000| Untracked 
|  46|0x0000000082e00000, 0x0000000082f00000, 0x0000000082f00000|100%| O|  |TAMS 0x0000000082f00000, 0x0000000082e00000| Complete 
|  47|0x0000000082f00000, 0x0000000083000000, 0x0000000083000000|100%| O|  |TAMS 0x0000000083000000, 0x0000000082f00000| Untracked 
|  48|0x0000000083000000, 0x0000000083100000, 0x0000000083100000|100%| O|  |TAMS 0x0000000083100000, 0x0000000083000000| Untracked 
|  49|0x0000000083100000, 0x0000000083200000, 0x0000000083200000|100%| O|  |TAMS 0x0000000083200000, 0x0000000083100000| Untracked 
|  50|0x0000000083200000, 0x0000000083300000, 0x0000000083300000|100%| O|  |TAMS 0x0000000083300000, 0x0000000083200000| Untracked 
|  51|0x0000000083300000, 0x0000000083400000, 0x0000000083400000|100%| O|  |TAMS 0x0000000083400000, 0x0000000083300000| Untracked 
|  52|0x0000000083400000, 0x0000000083500000, 0x0000000083500000|100%|HS|  |TAMS 0x0000000083500000, 0x0000000083400000| Complete 
|  53|0x0000000083500000, 0x0000000083600000, 0x0000000083600000|100%|HS|  |TAMS 0x0000000083600000, 0x0000000083500000| Complete 
|  54|0x0000000083600000, 0x0000000083700000, 0x0000000083700000|100%|HC|  |TAMS 0x0000000083700000, 0x0000000083600000| Complete 
|  55|0x0000000083700000, 0x0000000083800000, 0x0000000083800000|100%| O|  |TAMS 0x0000000083800000, 0x0000000083700000| Untracked 
|  56|0x0000000083800000, 0x0000000083900000, 0x0000000083900000|100%| O|  |TAMS 0x0000000083900000, 0x0000000083800000| Untracked 
|  57|0x0000000083900000, 0x0000000083a00000, 0x0000000083a00000|100%| O|  |TAMS 0x0000000083a00000, 0x0000000083900000| Untracked 
|  58|0x0000000083a00000, 0x0000000083b00000, 0x0000000083b00000|100%|HS|  |TAMS 0x0000000083a00000, 0x0000000083a00000| Complete 
|  59|0x0000000083b00000, 0x0000000083c00000, 0x0000000083c00000|100%| O|  |TAMS 0x0000000083c00000, 0x0000000083b00000| Untracked 
|  60|0x0000000083c00000, 0x0000000083d00000, 0x0000000083d00000|100%| O|  |TAMS 0x0000000083d00000, 0x0000000083c00000| Untracked 
|  61|0x0000000083d00000, 0x0000000083e00000, 0x0000000083e00000|100%| O|  |TAMS 0x0000000083e00000, 0x0000000083d00000| Complete 
|  62|0x0000000083e00000, 0x0000000083f00000, 0x0000000083f00000|100%| O|  |TAMS 0x0000000083f00000, 0x0000000083e00000| Untracked 
|  63|0x0000000083f00000, 0x0000000084000000, 0x0000000084000000|100%| O|  |TAMS 0x0000000084000000, 0x0000000083f00000| Complete 
|  64|0x0000000084000000, 0x0000000084100000, 0x0000000084100000|100%| O|  |TAMS 0x0000000084100000, 0x0000000084000000| Complete 
|  65|0x0000000084100000, 0x0000000084200000, 0x0000000084200000|100%| O|  |TAMS 0x0000000084200000, 0x0000000084100000| Untracked 
|  66|0x0000000084200000, 0x0000000084300000, 0x0000000084300000|100%| O|  |TAMS 0x0000000084300000, 0x0000000084200000| Untracked 
|  67|0x0000000084300000, 0x0000000084400000, 0x0000000084400000|100%| O|  |TAMS 0x0000000084400000, 0x0000000084300000| Untracked 
|  68|0x0000000084400000, 0x0000000084500000, 0x0000000084500000|100%| O|  |TAMS 0x0000000084500000, 0x0000000084400000| Untracked 
|  69|0x0000000084500000, 0x0000000084600000, 0x0000000084600000|100%| O|  |TAMS 0x0000000084600000, 0x0000000084500000| Untracked 
|  70|0x0000000084600000, 0x0000000084700000, 0x0000000084700000|100%| O|  |TAMS 0x0000000084700000, 0x0000000084600000| Untracked 
|  71|0x0000000084700000, 0x0000000084800000, 0x0000000084800000|100%| O|  |TAMS 0x0000000084800000, 0x0000000084700000| Untracked 
|  72|0x0000000084800000, 0x0000000084900000, 0x0000000084900000|100%| O|  |TAMS 0x0000000084900000, 0x0000000084800000| Untracked 
|  73|0x0000000084900000, 0x0000000084a00000, 0x0000000084a00000|100%| O|  |TAMS 0x0000000084a00000, 0x0000000084900000| Complete 
|  74|0x0000000084a00000, 0x0000000084b00000, 0x0000000084b00000|100%| O|  |TAMS 0x0000000084b00000, 0x0000000084a00000| Untracked 
|  75|0x0000000084b00000, 0x0000000084c00000, 0x0000000084c00000|100%| O|  |TAMS 0x0000000084c00000, 0x0000000084b00000| Untracked 
|  76|0x0000000084c00000, 0x0000000084d00000, 0x0000000084d00000|100%| O|  |TAMS 0x0000000084d00000, 0x0000000084c00000| Complete 
|  77|0x0000000084d00000, 0x0000000084e00000, 0x0000000084e00000|100%| O|  |TAMS 0x0000000084e00000, 0x0000000084d00000| Complete 
|  78|0x0000000084e00000, 0x0000000084f00000, 0x0000000084f00000|100%| O|  |TAMS 0x0000000084f00000, 0x0000000084e00000| Untracked 
|  79|0x0000000084f00000, 0x0000000085000000, 0x0000000085000000|100%| O|  |TAMS 0x0000000085000000, 0x0000000084f00000| Untracked 
|  80|0x0000000085000000, 0x0000000085100000, 0x0000000085100000|100%| O|  |TAMS 0x0000000085100000, 0x0000000085000000| Untracked 
|  81|0x0000000085100000, 0x0000000085200000, 0x0000000085200000|100%| O|  |TAMS 0x0000000085200000, 0x0000000085100000| Untracked 
|  82|0x0000000085200000, 0x0000000085300000, 0x0000000085300000|100%| O|  |TAMS 0x0000000085300000, 0x0000000085200000| Untracked 
|  83|0x0000000085300000, 0x0000000085400000, 0x0000000085400000|100%| O|  |TAMS 0x0000000085400000, 0x0000000085300000| Untracked 
|  84|0x0000000085400000, 0x0000000085500000, 0x0000000085500000|100%| O|  |TAMS 0x0000000085500000, 0x0000000085400000| Complete 
|  85|0x0000000085500000, 0x0000000085600000, 0x0000000085600000|100%| O|  |TAMS 0x0000000085600000, 0x0000000085500000| Complete 
|  86|0x0000000085600000, 0x0000000085700000, 0x0000000085700000|100%| O|  |TAMS 0x0000000085700000, 0x0000000085600000| Untracked 
|  87|0x0000000085700000, 0x0000000085800000, 0x0000000085800000|100%| O|  |TAMS 0x0000000085800000, 0x0000000085700000| Untracked 
|  88|0x0000000085800000, 0x0000000085900000, 0x0000000085900000|100%| O|  |TAMS 0x0000000085900000, 0x0000000085800000| Untracked 
|  89|0x0000000085900000, 0x0000000085a00000, 0x0000000085a00000|100%| O|  |TAMS 0x0000000085a00000, 0x0000000085900000| Untracked 
|  90|0x0000000085a00000, 0x0000000085b00000, 0x0000000085b00000|100%| O|  |TAMS 0x0000000085b00000, 0x0000000085a00000| Untracked 
|  91|0x0000000085b00000, 0x0000000085c00000, 0x0000000085c00000|100%| O|  |TAMS 0x0000000085c00000, 0x0000000085b00000| Untracked 
|  92|0x0000000085c00000, 0x0000000085d00000, 0x0000000085d00000|100%| O|  |TAMS 0x0000000085d00000, 0x0000000085c00000| Complete 
|  93|0x0000000085d00000, 0x0000000085e00000, 0x0000000085e00000|100%| O|  |TAMS 0x0000000085e00000, 0x0000000085d00000| Untracked 
|  94|0x0000000085e00000, 0x0000000085f00000, 0x0000000085f00000|100%| O|  |TAMS 0x0000000085f00000, 0x0000000085e00000| Untracked 
|  95|0x0000000085f00000, 0x0000000086000000, 0x0000000086000000|100%| O|  |TAMS 0x0000000086000000, 0x0000000085f00000| Untracked 
|  96|0x0000000086000000, 0x0000000086100000, 0x0000000086100000|100%| O|  |TAMS 0x0000000086100000, 0x0000000086000000| Untracked 
|  97|0x0000000086100000, 0x0000000086200000, 0x0000000086200000|100%| O|  |TAMS 0x0000000086200000, 0x0000000086100000| Untracked 
|  98|0x0000000086200000, 0x0000000086300000, 0x0000000086300000|100%| O|  |TAMS 0x0000000086300000, 0x0000000086200000| Untracked 
|  99|0x0000000086300000, 0x0000000086400000, 0x0000000086400000|100%| O|  |TAMS 0x0000000086400000, 0x0000000086300000| Untracked 
| 100|0x0000000086400000, 0x0000000086500000, 0x0000000086500000|100%| O|  |TAMS 0x0000000086500000, 0x0000000086400000| Complete 
| 101|0x0000000086500000, 0x0000000086600000, 0x0000000086600000|100%| O|  |TAMS 0x0000000086600000, 0x0000000086500000| Untracked 
| 102|0x0000000086600000, 0x0000000086700000, 0x0000000086700000|100%| O|  |TAMS 0x0000000086600000, 0x0000000086600000| Untracked 
| 103|0x0000000086700000, 0x0000000086800000, 0x0000000086800000|100%| O|  |TAMS 0x0000000086800000, 0x0000000086700000| Complete 
| 104|0x0000000086800000, 0x0000000086900000, 0x0000000086900000|100%| O|  |TAMS 0x0000000086900000, 0x0000000086800000| Complete 
| 105|0x0000000086900000, 0x0000000086a00000, 0x0000000086a00000|100%| O|  |TAMS 0x0000000086a00000, 0x0000000086900000| Complete 
| 106|0x0000000086a00000, 0x0000000086a4d200, 0x0000000086b00000| 30%| O|  |TAMS 0x0000000086a00000, 0x0000000086a00000| Untracked 
| 107|0x0000000086b00000, 0x0000000086b00000, 0x0000000086c00000|  0%| F|  |TAMS 0x0000000086b00000, 0x0000000086b00000| Untracked 
| 108|0x0000000086c00000, 0x0000000086c00000, 0x0000000086d00000|  0%| F|  |TAMS 0x0000000086c00000, 0x0000000086c00000| Untracked 
| 109|0x0000000086d00000, 0x0000000086e00000, 0x0000000086e00000|100%| O|  |TAMS 0x0000000086e00000, 0x0000000086d00000| Complete 
| 110|0x0000000086e00000, 0x0000000086f00000, 0x0000000086f00000|100%| O|  |TAMS 0x0000000086f00000, 0x0000000086e00000| Complete 
| 111|0x0000000086f00000, 0x0000000087000000, 0x0000000087000000|100%| O|  |TAMS 0x0000000087000000, 0x0000000086f00000| Complete 
| 112|0x0000000087000000, 0x0000000087100000, 0x0000000087100000|100%| O|  |TAMS 0x0000000087100000, 0x0000000087000000| Complete 
| 113|0x0000000087100000, 0x0000000087200000, 0x0000000087200000|100%| O|  |TAMS 0x0000000087200000, 0x0000000087100000| Untracked 
| 114|0x0000000087200000, 0x0000000087300000, 0x0000000087300000|100%| O|  |TAMS 0x0000000087300000, 0x0000000087200000| Untracked 
| 115|0x0000000087300000, 0x0000000087400000, 0x0000000087400000|100%| O|  |TAMS 0x0000000087381a00, 0x0000000087300000| Untracked 
| 116|0x0000000087400000, 0x0000000087400000, 0x0000000087500000|  0%| F|  |TAMS 0x0000000087400000, 0x0000000087400000| Untracked 
| 117|0x0000000087500000, 0x0000000087500000, 0x0000000087600000|  0%| F|  |TAMS 0x0000000087500000, 0x0000000087500000| Untracked 
| 118|0x0000000087600000, 0x0000000087600000, 0x0000000087700000|  0%| F|  |TAMS 0x0000000087600000, 0x0000000087600000| Untracked 
| 119|0x0000000087700000, 0x0000000087700000, 0x0000000087800000|  0%| F|  |TAMS 0x0000000087700000, 0x0000000087700000| Untracked 
| 120|0x0000000087800000, 0x0000000087800000, 0x0000000087900000|  0%| F|  |TAMS 0x0000000087800000, 0x0000000087800000| Untracked 
| 121|0x0000000087900000, 0x0000000087900000, 0x0000000087a00000|  0%| F|  |TAMS 0x0000000087900000, 0x0000000087900000| Untracked 
| 122|0x0000000087a00000, 0x0000000087a00000, 0x0000000087b00000|  0%| F|  |TAMS 0x0000000087a00000, 0x0000000087a00000| Untracked 
| 123|0x0000000087b00000, 0x0000000087b00000, 0x0000000087c00000|  0%| F|  |TAMS 0x0000000087b00000, 0x0000000087b00000| Untracked 
| 124|0x0000000087c00000, 0x0000000087c00000, 0x0000000087d00000|  0%| F|  |TAMS 0x0000000087c00000, 0x0000000087c00000| Untracked 
| 125|0x0000000087d00000, 0x0000000087d00000, 0x0000000087e00000|  0%| F|  |TAMS 0x0000000087d00000, 0x0000000087d00000| Untracked 
| 126|0x0000000087e00000, 0x0000000087e00000, 0x0000000087f00000|  0%| F|  |TAMS 0x0000000087e00000, 0x0000000087e00000| Untracked 
| 127|0x0000000087f00000, 0x0000000087f00000, 0x0000000088000000|  0%| F|  |TAMS 0x0000000087f00000, 0x0000000087f00000| Untracked 
| 128|0x0000000088000000, 0x0000000088000000, 0x0000000088100000|  0%| F|  |TAMS 0x0000000088000000, 0x0000000088000000| Untracked 
| 129|0x0000000088100000, 0x0000000088100000, 0x0000000088200000|  0%| F|  |TAMS 0x0000000088100000, 0x0000000088100000| Untracked 
| 130|0x0000000088200000, 0x0000000088200000, 0x0000000088300000|  0%| F|  |TAMS 0x0000000088200000, 0x0000000088200000| Untracked 
| 131|0x0000000088300000, 0x0000000088300000, 0x0000000088400000|  0%| F|  |TAMS 0x0000000088300000, 0x0000000088300000| Untracked 
| 132|0x0000000088400000, 0x0000000088400000, 0x0000000088500000|  0%| F|  |TAMS 0x0000000088400000, 0x0000000088400000| Untracked 
| 133|0x0000000088500000, 0x0000000088500000, 0x0000000088600000|  0%| F|  |TAMS 0x0000000088500000, 0x0000000088500000| Untracked 
| 134|0x0000000088600000, 0x0000000088600000, 0x0000000088700000|  0%| F|  |TAMS 0x0000000088600000, 0x0000000088600000| Untracked 
| 135|0x0000000088700000, 0x0000000088700000, 0x0000000088800000|  0%| F|  |TAMS 0x0000000088700000, 0x0000000088700000| Untracked 
| 136|0x0000000088800000, 0x0000000088800000, 0x0000000088900000|  0%| F|  |TAMS 0x0000000088800000, 0x0000000088800000| Untracked 
| 137|0x0000000088900000, 0x0000000088900000, 0x0000000088a00000|  0%| F|  |TAMS 0x0000000088900000, 0x0000000088900000| Untracked 
| 138|0x0000000088a00000, 0x0000000088a00000, 0x0000000088b00000|  0%| F|  |TAMS 0x0000000088a00000, 0x0000000088a00000| Untracked 
| 139|0x0000000088b00000, 0x0000000088b00000, 0x0000000088c00000|  0%| F|  |TAMS 0x0000000088b00000, 0x0000000088b00000| Untracked 
| 140|0x0000000088c00000, 0x0000000088c00000, 0x0000000088d00000|  0%| F|  |TAMS 0x0000000088c00000, 0x0000000088c00000| Untracked 
| 141|0x0000000088d00000, 0x0000000088d00000, 0x0000000088e00000|  0%| F|  |TAMS 0x0000000088d00000, 0x0000000088d00000| Untracked 
| 142|0x0000000088e00000, 0x0000000088e00000, 0x0000000088f00000|  0%| F|  |TAMS 0x0000000088e00000, 0x0000000088e00000| Untracked 
| 143|0x0000000088f00000, 0x0000000088f00000, 0x0000000089000000|  0%| F|  |TAMS 0x0000000088f00000, 0x0000000088f00000| Untracked 
| 144|0x0000000089000000, 0x0000000089000000, 0x0000000089100000|  0%| F|  |TAMS 0x0000000089000000, 0x0000000089000000| Untracked 
| 145|0x0000000089100000, 0x0000000089100000, 0x0000000089200000|  0%| F|  |TAMS 0x0000000089100000, 0x0000000089100000| Untracked 
| 146|0x0000000089200000, 0x0000000089200000, 0x0000000089300000|  0%| F|  |TAMS 0x0000000089200000, 0x0000000089200000| Untracked 
| 147|0x0000000089300000, 0x0000000089300000, 0x0000000089400000|  0%| F|  |TAMS 0x0000000089300000, 0x0000000089300000| Untracked 
| 148|0x0000000089400000, 0x0000000089400000, 0x0000000089500000|  0%| F|  |TAMS 0x0000000089400000, 0x0000000089400000| Untracked 
| 149|0x0000000089500000, 0x0000000089500000, 0x0000000089600000|  0%| F|  |TAMS 0x0000000089500000, 0x0000000089500000| Untracked 
| 150|0x0000000089600000, 0x0000000089600000, 0x0000000089700000|  0%| F|  |TAMS 0x0000000089600000, 0x0000000089600000| Untracked 
| 151|0x0000000089700000, 0x0000000089700000, 0x0000000089800000|  0%| F|  |TAMS 0x0000000089700000, 0x0000000089700000| Untracked 
| 152|0x0000000089800000, 0x0000000089800000, 0x0000000089900000|  0%| F|  |TAMS 0x0000000089800000, 0x0000000089800000| Untracked 
| 153|0x0000000089900000, 0x0000000089900000, 0x0000000089a00000|  0%| F|  |TAMS 0x0000000089900000, 0x0000000089900000| Untracked 
| 154|0x0000000089a00000, 0x0000000089a00000, 0x0000000089b00000|  0%| F|  |TAMS 0x0000000089a00000, 0x0000000089a00000| Untracked 
| 155|0x0000000089b00000, 0x0000000089b00000, 0x0000000089c00000|  0%| F|  |TAMS 0x0000000089b00000, 0x0000000089b00000| Untracked 
| 156|0x0000000089c00000, 0x0000000089c00000, 0x0000000089d00000|  0%| F|  |TAMS 0x0000000089c00000, 0x0000000089c00000| Untracked 
| 157|0x0000000089d00000, 0x0000000089d00000, 0x0000000089e00000|  0%| F|  |TAMS 0x0000000089d00000, 0x0000000089d00000| Untracked 
| 158|0x0000000089e00000, 0x0000000089e00000, 0x0000000089f00000|  0%| F|  |TAMS 0x0000000089e00000, 0x0000000089e00000| Untracked 
| 159|0x0000000089f00000, 0x0000000089f4f4b0, 0x000000008a000000| 30%| S|CS|TAMS 0x0000000089f00000, 0x0000000089f00000| Complete 
| 160|0x000000008a000000, 0x000000008a100000, 0x000000008a100000|100%| S|CS|TAMS 0x000000008a000000, 0x000000008a000000| Complete 
| 161|0x000000008a100000, 0x000000008a200000, 0x000000008a200000|100%| S|CS|TAMS 0x000000008a100000, 0x000000008a100000| Complete 
| 162|0x000000008a200000, 0x000000008a200000, 0x000000008a300000|  0%| F|  |TAMS 0x000000008a200000, 0x000000008a200000| Untracked 
| 163|0x000000008a300000, 0x000000008a300000, 0x000000008a400000|  0%| F|  |TAMS 0x000000008a300000, 0x000000008a300000| Untracked 
| 164|0x000000008a400000, 0x000000008a400000, 0x000000008a500000|  0%| F|  |TAMS 0x000000008a400000, 0x000000008a400000| Untracked 
| 165|0x000000008a500000, 0x000000008a500000, 0x000000008a600000|  0%| F|  |TAMS 0x000000008a500000, 0x000000008a500000| Untracked 
| 166|0x000000008a600000, 0x000000008a600000, 0x000000008a700000|  0%| F|  |TAMS 0x000000008a600000, 0x000000008a600000| Untracked 
| 167|0x000000008a700000, 0x000000008a700000, 0x000000008a800000|  0%| F|  |TAMS 0x000000008a700000, 0x000000008a700000| Untracked 
| 168|0x000000008a800000, 0x000000008a800000, 0x000000008a900000|  0%| F|  |TAMS 0x000000008a800000, 0x000000008a800000| Untracked 
| 169|0x000000008a900000, 0x000000008a900000, 0x000000008aa00000|  0%| F|  |TAMS 0x000000008a900000, 0x000000008a900000| Untracked 
| 170|0x000000008aa00000, 0x000000008aa00000, 0x000000008ab00000|  0%| F|  |TAMS 0x000000008aa00000, 0x000000008aa00000| Untracked 
| 171|0x000000008ab00000, 0x000000008ab00000, 0x000000008ac00000|  0%| F|  |TAMS 0x000000008ab00000, 0x000000008ab00000| Untracked 
| 172|0x000000008ac00000, 0x000000008ac00000, 0x000000008ad00000|  0%| F|  |TAMS 0x000000008ac00000, 0x000000008ac00000| Untracked 
| 173|0x000000008ad00000, 0x000000008ad00000, 0x000000008ae00000|  0%| F|  |TAMS 0x000000008ad00000, 0x000000008ad00000| Untracked 
| 174|0x000000008ae00000, 0x000000008ae00000, 0x000000008af00000|  0%| F|  |TAMS 0x000000008ae00000, 0x000000008ae00000| Untracked 
| 175|0x000000008af00000, 0x000000008af00000, 0x000000008b000000|  0%| F|  |TAMS 0x000000008af00000, 0x000000008af00000| Untracked 
| 176|0x000000008b000000, 0x000000008b000000, 0x000000008b100000|  0%| F|  |TAMS 0x000000008b000000, 0x000000008b000000| Untracked 
| 177|0x000000008b100000, 0x000000008b100000, 0x000000008b200000|  0%| F|  |TAMS 0x000000008b100000, 0x000000008b100000| Untracked 
| 178|0x000000008b200000, 0x000000008b200000, 0x000000008b300000|  0%| F|  |TAMS 0x000000008b200000, 0x000000008b200000| Untracked 
| 179|0x000000008b300000, 0x000000008b300000, 0x000000008b400000|  0%| F|  |TAMS 0x000000008b300000, 0x000000008b300000| Untracked 
| 180|0x000000008b400000, 0x000000008b400000, 0x000000008b500000|  0%| F|  |TAMS 0x000000008b400000, 0x000000008b400000| Untracked 
| 181|0x000000008b500000, 0x000000008b500000, 0x000000008b600000|  0%| F|  |TAMS 0x000000008b500000, 0x000000008b500000| Untracked 
| 182|0x000000008b600000, 0x000000008b600000, 0x000000008b700000|  0%| F|  |TAMS 0x000000008b600000, 0x000000008b600000| Untracked 
| 183|0x000000008b700000, 0x000000008b700000, 0x000000008b800000|  0%| F|  |TAMS 0x000000008b700000, 0x000000008b700000| Untracked 
| 184|0x000000008b800000, 0x000000008b800000, 0x000000008b900000|  0%| F|  |TAMS 0x000000008b800000, 0x000000008b800000| Untracked 
| 185|0x000000008b900000, 0x000000008b900000, 0x000000008ba00000|  0%| F|  |TAMS 0x000000008b900000, 0x000000008b900000| Untracked 
| 186|0x000000008ba00000, 0x000000008ba00000, 0x000000008bb00000|  0%| F|  |TAMS 0x000000008ba00000, 0x000000008ba00000| Untracked 
| 187|0x000000008bb00000, 0x000000008bb00000, 0x000000008bc00000|  0%| F|  |TAMS 0x000000008bb00000, 0x000000008bb00000| Untracked 
| 188|0x000000008bc00000, 0x000000008bc00000, 0x000000008bd00000|  0%| F|  |TAMS 0x000000008bc00000, 0x000000008bc00000| Untracked 
| 189|0x000000008bd00000, 0x000000008bd00000, 0x000000008be00000|  0%| F|  |TAMS 0x000000008bd00000, 0x000000008bd00000| Untracked 
| 190|0x000000008be00000, 0x000000008be00000, 0x000000008bf00000|  0%| F|  |TAMS 0x000000008be00000, 0x000000008be00000| Untracked 
| 191|0x000000008bf00000, 0x000000008bf00000, 0x000000008c000000|  0%| F|  |TAMS 0x000000008bf00000, 0x000000008bf00000| Untracked 
| 192|0x000000008c000000, 0x000000008c000000, 0x000000008c100000|  0%| F|  |TAMS 0x000000008c000000, 0x000000008c000000| Untracked 
| 193|0x000000008c100000, 0x000000008c100000, 0x000000008c200000|  0%| F|  |TAMS 0x000000008c100000, 0x000000008c100000| Untracked 
| 194|0x000000008c200000, 0x000000008c200000, 0x000000008c300000|  0%| F|  |TAMS 0x000000008c200000, 0x000000008c200000| Untracked 
| 195|0x000000008c300000, 0x000000008c300000, 0x000000008c400000|  0%| F|  |TAMS 0x000000008c300000, 0x000000008c300000| Untracked 
| 196|0x000000008c400000, 0x000000008c400000, 0x000000008c500000|  0%| F|  |TAMS 0x000000008c400000, 0x000000008c400000| Untracked 
| 197|0x000000008c500000, 0x000000008c500000, 0x000000008c600000|  0%| F|  |TAMS 0x000000008c500000, 0x000000008c500000| Untracked 
| 198|0x000000008c600000, 0x000000008c600000, 0x000000008c700000|  0%| F|  |TAMS 0x000000008c600000, 0x000000008c600000| Untracked 
| 199|0x000000008c700000, 0x000000008c700000, 0x000000008c800000|  0%| F|  |TAMS 0x000000008c700000, 0x000000008c700000| Untracked 
| 200|0x000000008c800000, 0x000000008c800000, 0x000000008c900000|  0%| F|  |TAMS 0x000000008c800000, 0x000000008c800000| Untracked 
| 201|0x000000008c900000, 0x000000008c900000, 0x000000008ca00000|  0%| F|  |TAMS 0x000000008c900000, 0x000000008c900000| Untracked 
| 202|0x000000008ca00000, 0x000000008ca00000, 0x000000008cb00000|  0%| F|  |TAMS 0x000000008ca00000, 0x000000008ca00000| Untracked 
| 203|0x000000008cb00000, 0x000000008cb00000, 0x000000008cc00000|  0%| F|  |TAMS 0x000000008cb00000, 0x000000008cb00000| Untracked 
| 204|0x000000008cc00000, 0x000000008cc00000, 0x000000008cd00000|  0%| F|  |TAMS 0x000000008cc00000, 0x000000008cc00000| Untracked 
| 205|0x000000008cd00000, 0x000000008cd00000, 0x000000008ce00000|  0%| F|  |TAMS 0x000000008cd00000, 0x000000008cd00000| Untracked 
| 206|0x000000008ce00000, 0x000000008ce00000, 0x000000008cf00000|  0%| F|  |TAMS 0x000000008ce00000, 0x000000008ce00000| Untracked 
| 207|0x000000008cf00000, 0x000000008cf00000, 0x000000008d000000|  0%| F|  |TAMS 0x000000008cf00000, 0x000000008cf00000| Untracked 
| 208|0x000000008d000000, 0x000000008d000000, 0x000000008d100000|  0%| F|  |TAMS 0x000000008d000000, 0x000000008d000000| Untracked 
| 209|0x000000008d100000, 0x000000008d100000, 0x000000008d200000|  0%| F|  |TAMS 0x000000008d100000, 0x000000008d100000| Untracked 
| 210|0x000000008d200000, 0x000000008d200000, 0x000000008d300000|  0%| F|  |TAMS 0x000000008d200000, 0x000000008d200000| Untracked 
| 211|0x000000008d300000, 0x000000008d300000, 0x000000008d400000|  0%| F|  |TAMS 0x000000008d300000, 0x000000008d300000| Untracked 
| 212|0x000000008d400000, 0x000000008d400000, 0x000000008d500000|  0%| F|  |TAMS 0x000000008d400000, 0x000000008d400000| Untracked 
| 213|0x000000008d500000, 0x000000008d500000, 0x000000008d600000|  0%| F|  |TAMS 0x000000008d500000, 0x000000008d500000| Untracked 
| 214|0x000000008d600000, 0x000000008d600000, 0x000000008d700000|  0%| F|  |TAMS 0x000000008d600000, 0x000000008d600000| Untracked 
| 215|0x000000008d700000, 0x000000008d700000, 0x000000008d800000|  0%| F|  |TAMS 0x000000008d700000, 0x000000008d700000| Untracked 
| 216|0x000000008d800000, 0x000000008d800000, 0x000000008d900000|  0%| F|  |TAMS 0x000000008d800000, 0x000000008d800000| Untracked 
| 217|0x000000008d900000, 0x000000008d900000, 0x000000008da00000|  0%| F|  |TAMS 0x000000008d900000, 0x000000008d900000| Untracked 
| 218|0x000000008da00000, 0x000000008da00000, 0x000000008db00000|  0%| F|  |TAMS 0x000000008da00000, 0x000000008da00000| Untracked 

Card table byte_map: [0x0000028fbe260000,0x0000028fbe660000] _byte_map_base: 0x0000028fbde60000

Marking Bits (Prev, Next): (CMBitMap*) 0x0000028fa8f4d328, (CMBitMap*) 0x0000028fa8f4d360
 Prev Bits: [0x0000028fbea60000, 0x0000028fc0a60000)
 Next Bits: [0x0000028fc0a60000, 0x0000028fc2a60000)

Polling page: 0x0000028fa8fe0000

Metaspace:

Usage:
  Non-class:     92.10 MB capacity,    90.32 MB ( 98%) used,     1.57 MB (  2%) free+waste,   216.81 KB ( <1%) overhead. 
      Class:     12.97 MB capacity,    12.17 MB ( 94%) used,   727.50 KB (  5%) free+waste,    94.25 KB ( <1%) overhead. 
       Both:    105.07 MB capacity,   102.49 MB ( 98%) used,     2.28 MB (  2%) free+waste,   311.06 KB ( <1%) overhead. 

Virtual space:
  Non-class space:       94.00 MB reserved,      92.75 MB ( 99%) committed 
      Class space:        1.00 GB reserved,      13.25 MB (  1%) committed 
             Both:        1.09 GB reserved,     106.00 MB (  9%) committed 

Chunk freelists:
   Non-Class:  539.00 KB
       Class:  285.00 KB
        Both:  824.00 KB

MaxMetaspaceSize: 17179869184.00 GB
CompressedClassSpaceSize: 1.00 GB

CodeHeap 'non-profiled nmethods': size=120000Kb used=11394Kb max_used=11394Kb free=108605Kb
 bounds [0x0000028fb5cb0000, 0x0000028fb67e0000, 0x0000028fbd1e0000]
CodeHeap 'profiled nmethods': size=120000Kb used=37937Kb max_used=37937Kb free=82062Kb
 bounds [0x0000028fae780000, 0x0000028fb0ca0000, 0x0000028fb5cb0000]
CodeHeap 'non-nmethods': size=5760Kb used=2311Kb max_used=2362Kb free=3448Kb
 bounds [0x0000028fae1e0000, 0x0000028fae450000, 0x0000028fae780000]
 total_blobs=16302 nmethods=15382 adapters=828
 compilation: enabled
              stopped_count=0, restarted_count=0
 full_count=0

Compilation events (20 events):
Event: 6509.791 Thread 0x0000028fc6024800 16403       3       org.objectweb.asm.ClassWriter::toByteArray (1456 bytes)
Event: 6509.798 Thread 0x0000028fc6024800 nmethod 16403 0x0000028fb0c8de10 code [0x0000028fb0c8e6c0, 0x0000028fb0c923c8]
Event: 6509.798 Thread 0x0000028fc6024800 16404   !   2       java.util.zip.Deflater::getBytesRead (23 bytes)
Event: 6509.798 Thread 0x0000028fc6024800 nmethod 16404 0x0000028fb0c93c10 code [0x0000028fb0c93dc0, 0x0000028fb0c94088]
Event: 6509.798 Thread 0x0000028fc6024800 16398       2       java.time.temporal.ValueRange::isIntValue (28 bytes)
Event: 6509.798 Thread 0x0000028fc6024800 nmethod 16398 0x0000028fb0c94190 code [0x0000028fb0c94340, 0x0000028fb0c94478]
Event: 6509.798 Thread 0x0000028fc6024800 16399       2       java.time.LocalDateTime::<init> (15 bytes)
Event: 6509.798 Thread 0x0000028fc6024800 nmethod 16399 0x0000028fb0c94510 code [0x0000028fb0c946c0, 0x0000028fb0c94858]
Event: 6509.798 Thread 0x0000028fc6024800 16401       2       java.util.zip.ZipEntry::setLastModifiedTime (29 bytes)
Event: 6509.799 Thread 0x0000028fc6024800 nmethod 16401 0x0000028fb0c94910 code [0x0000028fb0c94ae0, 0x0000028fb0c94d48]
Event: 6509.799 Thread 0x0000028fc6024800 16402       2       java.util.zip.ZipUtils::javaToExtendedDosTime (40 bytes)
Event: 6509.799 Thread 0x0000028fc6024800 nmethod 16402 0x0000028fb0c94e90 code [0x0000028fb0c95040, 0x0000028fb0c951e8]
Event: 6509.799 Thread 0x0000028fc6024800 16405       2       java.util.RegularEnumSet$EnumSetIterator::next (60 bytes)
Event: 6509.800 Thread 0x0000028fc6024800 nmethod 16405 0x0000028fb0c95290 code [0x0000028fb0c95460, 0x0000028fb0c95698]
Event: 6509.802 Thread 0x0000028fc6024800 16407       2       sun.nio.fs.WindowsSecurityDescriptor::fromAttribute (134 bytes)
Event: 6509.803 Thread 0x0000028fc6024800 nmethod 16407 0x0000028fb0c95810 code [0x0000028fb0c95aa0, 0x0000028fb0c961b8]
Event: 6509.803 Thread 0x0000028fc6024800 16408       2       sun.nio.fs.WindowsSecurityDescriptor::address (19 bytes)
Event: 6509.803 Thread 0x0000028fc6024800 nmethod 16408 0x0000028fb0c96610 code [0x0000028fb0c967c0, 0x0000028fb0c968f8]
Event: 6509.803 Thread 0x0000028fc6024800 16409       2       sun.nio.fs.WindowsSecurityDescriptor::release (75 bytes)
Event: 6509.804 Thread 0x0000028fc6024800 nmethod 16409 0x0000028fb0c96990 code [0x0000028fb0c96ba0, 0x0000028fb0c96e38]

GC Heap History (20 events):
Event: 6508.150 GC heap after
{Heap after GC invocations=81 (full 0):
 garbage-first heap   total 157696K, used 114084K [0x0000000080000000, 0x0000000100000000)
  region size 1024K, 2 young (2048K), 2 survivors (2048K)
 Metaspace       used 105147K, capacity 108031K, committed 108288K, reserved 1144832K
  class space    used 12608K, capacity 13546K, committed 13568K, reserved 1048576K
}
Event: 6508.183 GC heap before
{Heap before GC invocations=81 (full 0):
 garbage-first heap   total 157696K, used 130468K [0x0000000080000000, 0x0000000100000000)
  region size 1024K, 20 young (20480K), 2 survivors (2048K)
 Metaspace       used 105204K, capacity 108104K, committed 108288K, reserved 1144832K
  class space    used 12609K, capacity 13548K, committed 13568K, reserved 1048576K
}
Event: 6508.184 GC heap after
{Heap after GC invocations=82 (full 0):
 garbage-first heap   total 157696K, used 114521K [0x0000000080000000, 0x0000000100000000)
  region size 1024K, 2 young (2048K), 2 survivors (2048K)
 Metaspace       used 105204K, capacity 108104K, committed 108288K, reserved 1144832K
  class space    used 12609K, capacity 13548K, committed 13568K, reserved 1048576K
}
Event: 6508.222 GC heap before
{Heap before GC invocations=82 (full 0):
 garbage-first heap   total 157696K, used 132953K [0x0000000080000000, 0x0000000100000000)
  region size 1024K, 20 young (20480K), 2 survivors (2048K)
 Metaspace       used 105222K, capacity 108104K, committed 108288K, reserved 1144832K
  class space    used 12609K, capacity 13548K, committed 13568K, reserved 1048576K
}
Event: 6508.223 GC heap after
{Heap after GC invocations=83 (full 0):
 garbage-first heap   total 157696K, used 114858K [0x0000000080000000, 0x0000000100000000)
  region size 1024K, 2 young (2048K), 2 survivors (2048K)
 Metaspace       used 105222K, capacity 108104K, committed 108288K, reserved 1144832K
  class space    used 12609K, capacity 13548K, committed 13568K, reserved 1048576K
}
Event: 6508.265 GC heap before
{Heap before GC invocations=83 (full 0):
 garbage-first heap   total 157696K, used 134314K [0x0000000080000000, 0x0000000100000000)
  region size 1024K, 21 young (21504K), 2 survivors (2048K)
 Metaspace       used 104743K, capacity 107299K, committed 108288K, reserved 1144832K
  class space    used 12458K, capacity 13277K, committed 13568K, reserved 1048576K
}
Event: 6508.266 GC heap after
{Heap after GC invocations=84 (full 0):
 garbage-first heap   total 157696K, used 115246K [0x0000000080000000, 0x0000000100000000)
  region size 1024K, 2 young (2048K), 2 survivors (2048K)
 Metaspace       used 104743K, capacity 107299K, committed 108288K, reserved 1144832K
  class space    used 12458K, capacity 13277K, committed 13568K, reserved 1048576K
}
Event: 6508.301 GC heap before
{Heap before GC invocations=85 (full 0):
 garbage-first heap   total 157696K, used 133678K [0x0000000080000000, 0x0000000100000000)
  region size 1024K, 21 young (21504K), 2 survivors (2048K)
 Metaspace       used 104772K, capacity 107299K, committed 108288K, reserved 1144832K
  class space    used 12458K, capacity 13277K, committed 13568K, reserved 1048576K
}
Event: 6508.302 GC heap after
{Heap after GC invocations=86 (full 0):
 garbage-first heap   total 157696K, used 115331K [0x0000000080000000, 0x0000000100000000)
  region size 1024K, 2 young (2048K), 2 survivors (2048K)
 Metaspace       used 104772K, capacity 107299K, committed 108288K, reserved 1144832K
  class space    used 12458K, capacity 13277K, committed 13568K, reserved 1048576K
}
Event: 6508.311 GC heap before
{Heap before GC invocations=86 (full 0):
 garbage-first heap   total 157696K, used 120451K [0x0000000080000000, 0x0000000100000000)
  region size 1024K, 7 young (7168K), 2 survivors (2048K)
 Metaspace       used 104778K, capacity 107363K, committed 108288K, reserved 1144832K
  class space    used 12458K, capacity 13277K, committed 13568K, reserved 1048576K
}
Event: 6508.314 GC heap after
{Heap after GC invocations=87 (full 0):
 garbage-first heap   total 157696K, used 113575K [0x0000000080000000, 0x0000000100000000)
  region size 1024K, 1 young (1024K), 1 survivors (1024K)
 Metaspace       used 104778K, capacity 107363K, committed 108288K, reserved 1144832K
  class space    used 12458K, capacity 13277K, committed 13568K, reserved 1048576K
}
Event: 6508.355 GC heap before
{Heap before GC invocations=87 (full 0):
 garbage-first heap   total 157696K, used 134055K [0x0000000080000000, 0x0000000100000000)
  region size 1024K, 21 young (21504K), 1 survivors (1024K)
 Metaspace       used 104792K, capacity 107427K, committed 108288K, reserved 1144832K
  class space    used 12458K, capacity 13277K, committed 13568K, reserved 1048576K
}
Event: 6508.441 GC heap after
{Heap after GC invocations=88 (full 0):
 garbage-first heap   total 224256K, used 113728K [0x0000000080000000, 0x0000000100000000)
  region size 1024K, 1 young (1024K), 1 survivors (1024K)
 Metaspace       used 104792K, capacity 107427K, committed 108288K, reserved 1144832K
  class space    used 12458K, capacity 13277K, committed 13568K, reserved 1048576K
}
Event: 6508.941 GC heap before
{Heap before GC invocations=89 (full 0):
 garbage-first heap   total 224256K, used 163904K [0x0000000080000000, 0x0000000100000000)
  region size 1024K, 52 young (53248K), 1 survivors (1024K)
 Metaspace       used 104848K, capacity 107492K, committed 108544K, reserved 1144832K
  class space    used 12458K, capacity 13277K, committed 13568K, reserved 1048576K
}
Event: 6509.008 GC heap after
{Heap after GC invocations=90 (full 0):
 garbage-first heap   total 224256K, used 113422K [0x0000000080000000, 0x0000000100000000)
  region size 1024K, 2 young (2048K), 2 survivors (2048K)
 Metaspace       used 104848K, capacity 107492K, committed 108544K, reserved 1144832K
  class space    used 12458K, capacity 13277K, committed 13568K, reserved 1048576K
}
Event: 6509.233 GC heap before
{Heap before GC invocations=90 (full 0):
 garbage-first heap   total 224256K, used 167694K [0x0000000080000000, 0x0000000100000000)
  region size 1024K, 56 young (57344K), 2 survivors (2048K)
 Metaspace       used 104868K, capacity 107504K, committed 108544K, reserved 1144832K
  class space    used 12459K, capacity 13279K, committed 13568K, reserved 1048576K
}
Event: 6509.255 GC heap after
{Heap after GC invocations=91 (full 0):
 garbage-first heap   total 224256K, used 117054K [0x0000000080000000, 0x0000000100000000)
  region size 1024K, 5 young (5120K), 5 survivors (5120K)
 Metaspace       used 104868K, capacity 107504K, committed 108544K, reserved 1144832K
  class space    used 12459K, capacity 13279K, committed 13568K, reserved 1048576K
}
Event: 6509.687 GC heap before
{Heap before GC invocations=91 (full 0):
 garbage-first heap   total 224256K, used 176446K [0x0000000080000000, 0x0000000100000000)
  region size 1024K, 60 young (61440K), 5 survivors (5120K)
 Metaspace       used 104899K, capacity 107528K, committed 108544K, reserved 1144832K
  class space    used 12461K, capacity 13283K, committed 13568K, reserved 1048576K
}
Event: 6509.690 GC heap after
{Heap after GC invocations=92 (full 0):
 garbage-first heap   total 224256K, used 118412K [0x0000000080000000, 0x0000000100000000)
  region size 1024K, 5 young (5120K), 5 survivors (5120K)
 Metaspace       used 104899K, capacity 107528K, committed 108544K, reserved 1144832K
  class space    used 12461K, capacity 13283K, committed 13568K, reserved 1048576K
}
Event: 6509.808 GC heap before
{Heap before GC invocations=93 (full 0):
 garbage-first heap   total 224256K, used 175756K [0x0000000080000000, 0x0000000100000000)
  region size 1024K, 61 young (62464K), 5 survivors (5120K)
 Metaspace       used 104944K, capacity 107592K, committed 108544K, reserved 1144832K
  class space    used 12461K, capacity 13283K, committed 13568K, reserved 1048576K
}

Deoptimization events (20 events):
Event: 6509.644 Thread 0x0000028fc8a88000 DEOPT PACKING pc=0x0000028fb0c072a1 sp=0x000000bbcdbfbc90
Event: 6509.644 Thread 0x0000028fc8a88000 DEOPT UNPACKING pc=0x0000028fae2076ce sp=0x000000bbcdbfb1a0 mode 0
Event: 6509.647 Thread 0x0000028fc8a88000 DEOPT PACKING pc=0x0000028fb0c072a1 sp=0x000000bbcdbfbad0
Event: 6509.647 Thread 0x0000028fc8a88000 DEOPT UNPACKING pc=0x0000028fae2076ce sp=0x000000bbcdbfafe0 mode 0
Event: 6509.651 Thread 0x0000028fc8a88000 DEOPT PACKING pc=0x0000028fb0c072a1 sp=0x000000bbcdbfbad0
Event: 6509.651 Thread 0x0000028fc8a88000 DEOPT UNPACKING pc=0x0000028fae2076ce sp=0x000000bbcdbfafe0 mode 0
Event: 6509.737 Thread 0x0000028fcce50000 DEOPT PACKING pc=0x0000028fb0b1ba27 sp=0x000000bbcd5fc880
Event: 6509.737 Thread 0x0000028fcce50000 DEOPT UNPACKING pc=0x0000028fae2076ce sp=0x000000bbcd5fbd40 mode 0
Event: 6509.738 Thread 0x0000028fcce50000 DEOPT PACKING pc=0x0000028fb0b1ba27 sp=0x000000bbcd5fc880
Event: 6509.738 Thread 0x0000028fcce50000 DEOPT UNPACKING pc=0x0000028fae2076ce sp=0x000000bbcd5fbd40 mode 0
Event: 6509.738 Thread 0x0000028fcce50000 DEOPT PACKING pc=0x0000028fb0b1ba27 sp=0x000000bbcd5fc880
Event: 6509.738 Thread 0x0000028fcce50000 DEOPT UNPACKING pc=0x0000028fae2076ce sp=0x000000bbcd5fbd40 mode 0
Event: 6509.739 Thread 0x0000028fcce50000 DEOPT PACKING pc=0x0000028fb0b1ba27 sp=0x000000bbcd5fc880
Event: 6509.739 Thread 0x0000028fcce50000 DEOPT UNPACKING pc=0x0000028fae2076ce sp=0x000000bbcd5fbd40 mode 0
Event: 6509.740 Thread 0x0000028fcce50000 DEOPT PACKING pc=0x0000028fb0b1ba27 sp=0x000000bbcd5fc880
Event: 6509.740 Thread 0x0000028fcce50000 DEOPT UNPACKING pc=0x0000028fae2076ce sp=0x000000bbcd5fbd40 mode 0
Event: 6509.740 Thread 0x0000028fcce50000 DEOPT PACKING pc=0x0000028fb0b1ba27 sp=0x000000bbcd5fc880
Event: 6509.740 Thread 0x0000028fcce50000 DEOPT UNPACKING pc=0x0000028fae2076ce sp=0x000000bbcd5fbd40 mode 0
Event: 6509.791 Thread 0x0000028fc8a88000 DEOPT PACKING pc=0x0000028fb0bc818b sp=0x000000bbcdbfc180
Event: 6509.791 Thread 0x0000028fc8a88000 DEOPT UNPACKING pc=0x0000028fae2076ce sp=0x000000bbcdbfb6f8 mode 0

Classes redefined (0 events):
No events

Internal exceptions (20 events):
Event: 6508.048 Thread 0x0000028fc8a87800 Exception <a 'sun/nio/fs/WindowsException'{0x0000000089622b50}> (0x0000000089622b50) thrown at [./src/hotspot/share/prims/jni.cpp, line 615]
Event: 6508.049 Thread 0x0000028fc8a87800 Exception <a 'sun/nio/fs/WindowsException'{0x0000000089622c38}> (0x0000000089622c38) thrown at [./src/hotspot/share/prims/jni.cpp, line 615]
Event: 6508.050 Thread 0x0000028fc8a87800 Exception <a 'sun/nio/fs/WindowsException'{0x0000000089624140}> (0x0000000089624140) thrown at [./src/hotspot/share/prims/jni.cpp, line 615]
Event: 6508.051 Thread 0x0000028fc8a87800 Exception <a 'sun/nio/fs/WindowsException'{0x0000000089624db8}> (0x0000000089624db8) thrown at [./src/hotspot/share/prims/jni.cpp, line 615]
Event: 6508.110 Thread 0x0000028fcf2d6800 Exception <a 'sun/nio/fs/WindowsException'{0x0000000088d3fdc0}> (0x0000000088d3fdc0) thrown at [./src/hotspot/share/prims/jni.cpp, line 615]
Event: 6508.111 Thread 0x0000028fcf2d6800 Exception <a 'sun/nio/fs/WindowsException'{0x0000000088d3fea8}> (0x0000000088d3fea8) thrown at [./src/hotspot/share/prims/jni.cpp, line 615]
Event: 6508.111 Thread 0x0000028fcf2d6800 Exception <a 'sun/nio/fs/WindowsException'{0x0000000088d413b0}> (0x0000000088d413b0) thrown at [./src/hotspot/share/prims/jni.cpp, line 615]
Event: 6508.111 Thread 0x0000028fcf2d6800 Exception <a 'sun/nio/fs/WindowsException'{0x0000000088d41ec0}> (0x0000000088d41ec0) thrown at [./src/hotspot/share/prims/jni.cpp, line 615]
Event: 6508.113 Thread 0x0000028fcf2d3000 Exception <a 'sun/nio/fs/WindowsException'{0x0000000088c34c70}> (0x0000000088c34c70) thrown at [./src/hotspot/share/prims/jni.cpp, line 615]
Event: 6508.113 Thread 0x0000028fcf2d3000 Exception <a 'sun/nio/fs/WindowsException'{0x0000000088c34e38}> (0x0000000088c34e38) thrown at [./src/hotspot/share/prims/jni.cpp, line 615]
Event: 6508.114 Thread 0x0000028fcf2d3000 Exception <a 'sun/nio/fs/WindowsException'{0x0000000088c6e050}> (0x0000000088c6e050) thrown at [./src/hotspot/share/prims/jni.cpp, line 615]
Event: 6508.114 Thread 0x0000028fcf2d3000 Exception <a 'sun/nio/fs/WindowsException'{0x0000000088c98e50}> (0x0000000088c98e50) thrown at [./src/hotspot/share/prims/jni.cpp, line 615]
Event: 6509.180 Thread 0x0000028fcce4c800 Exception <a 'sun/nio/fs/WindowsException'{0x000000008b353358}> (0x000000008b353358) thrown at [./src/hotspot/share/prims/jni.cpp, line 615]
Event: 6509.180 Thread 0x0000028fcce4c800 Exception <a 'sun/nio/fs/WindowsException'{0x000000008b353440}> (0x000000008b353440) thrown at [./src/hotspot/share/prims/jni.cpp, line 615]
Event: 6509.181 Thread 0x0000028fcce4c800 Exception <a 'sun/nio/fs/WindowsException'{0x000000008b354948}> (0x000000008b354948) thrown at [./src/hotspot/share/prims/jni.cpp, line 615]
Event: 6509.181 Thread 0x0000028fcce4c800 Exception <a 'sun/nio/fs/WindowsException'{0x000000008b355470}> (0x000000008b355470) thrown at [./src/hotspot/share/prims/jni.cpp, line 615]
Event: 6509.778 Thread 0x0000028fcce4c800 Exception <a 'sun/nio/fs/WindowsException'{0x000000008b1bd018}> (0x000000008b1bd018) thrown at [./src/hotspot/share/prims/jni.cpp, line 615]
Event: 6509.778 Thread 0x0000028fcce4c800 Exception <a 'sun/nio/fs/WindowsException'{0x000000008b1bd1c8}> (0x000000008b1bd1c8) thrown at [./src/hotspot/share/prims/jni.cpp, line 615]
Event: 6509.779 Thread 0x0000028fcce4c800 Exception <a 'sun/nio/fs/WindowsException'{0x000000008b1be6d0}> (0x000000008b1be6d0) thrown at [./src/hotspot/share/prims/jni.cpp, line 615]
Event: 6509.779 Thread 0x0000028fcce4c800 Exception <a 'sun/nio/fs/WindowsException'{0x000000008b1bf1e0}> (0x000000008b1bf1e0) thrown at [./src/hotspot/share/prims/jni.cpp, line 615]

Events (20 events):
Event: 6509.229 Executing VM operation: G1CollectForAllocation
Event: 6509.255 Executing VM operation: G1CollectForAllocation done
Event: 6509.562 Executing VM operation: CGC_Operation
Event: 6509.630 Executing VM operation: CGC_Operation done
Event: 6509.678 Executing VM operation: G1CollectForAllocation
Event: 6509.678 Executing VM operation: G1CollectForAllocation done
Event: 6509.679 Executing VM operation: G1CollectForAllocation
Event: 6509.690 Executing VM operation: G1CollectForAllocation done
Event: 6509.690 Executing VM operation: RevokeBias
Event: 6509.691 Executing VM operation: RevokeBias done
Event: 6509.691 Executing VM operation: RevokeBias
Event: 6509.692 Executing VM operation: RevokeBias done
Event: 6509.698 Loaded shared library D:\Android\Android Studio\jre\bin\nio.dll
Event: 6509.719 Executing VM operation: CGC_Operation
Event: 6509.719 Executing VM operation: CGC_Operation done
Event: 6509.775 Executing VM operation: RevokeBias
Event: 6509.775 Executing VM operation: RevokeBias done
Event: 6509.802 Executing VM operation: RevokeBias
Event: 6509.803 Executing VM operation: RevokeBias done
Event: 6509.808 Executing VM operation: G1CollectForAllocation


Dynamic libraries:
0x00007ff637d90000 - 0x00007ff637d9a000 	D:\Android\Android Studio\jre\bin\java.exe
0x00007ffaaaa00000 - 0x00007ffaaabf0000 	C:\WINDOWS\SYSTEM32\ntdll.dll
0x00007ffaa8df0000 - 0x00007ffaa8ea2000 	C:\WINDOWS\System32\KERNEL32.DLL
0x00007ffaa7a20000 - 0x00007ffaa7cc5000 	C:\WINDOWS\System32\KERNELBASE.dll
0x00007ffaa7cd0000 - 0x00007ffaa7dca000 	C:\WINDOWS\System32\ucrtbase.dll
0x00007ffaa3a30000 - 0x00007ffaa3a49000 	D:\Android\Android Studio\jre\bin\jli.dll
0x00007ffa99d10000 - 0x00007ffa99d27000 	D:\Android\Android Studio\jre\bin\VCRUNTIME140.dll
0x00007ffaa9950000 - 0x00007ffaa9ae4000 	C:\WINDOWS\System32\USER32.dll
0x00007ffaa7990000 - 0x00007ffaa79b1000 	C:\WINDOWS\System32\win32u.dll
0x00007ffaa9c90000 - 0x00007ffaa9cb6000 	C:\WINDOWS\System32\GDI32.dll
0x00007ffaa8710000 - 0x00007ffaa88a8000 	C:\WINDOWS\System32\gdi32full.dll
0x00007ffa90de0000 - 0x00007ffa91064000 	C:\WINDOWS\WinSxS\amd64_microsoft.windows.common-controls_6595b64144ccf1df_6.0.18362.1556_none_9e7e372fe45e41d5\COMCTL32.dll
0x00007ffaa8a10000 - 0x00007ffaa8aae000 	C:\WINDOWS\System32\msvcp_win.dll
0x00007ffaaa510000 - 0x00007ffaaa5ae000 	C:\WINDOWS\System32\msvcrt.dll
0x00007ffaa8ab0000 - 0x00007ffaa8de6000 	C:\WINDOWS\System32\combase.dll
0x00007ffaa9b70000 - 0x00007ffaa9c8f000 	C:\WINDOWS\System32\RPCRT4.dll
0x00007ffaa7e80000 - 0x00007ffaa7f01000 	C:\WINDOWS\System32\bcryptPrimitives.dll
0x00007ffaaa4e0000 - 0x00007ffaaa50e000 	C:\WINDOWS\System32\IMM32.DLL
0x00007ffa99c70000 - 0x00007ffa99d0d000 	D:\Android\Android Studio\jre\bin\msvcp140.dll
0x00007ffa587c0000 - 0x00007ffa5928f000 	D:\Android\Android Studio\jre\bin\server\jvm.dll
0x00007ffaa8f30000 - 0x00007ffaa8fd3000 	C:\WINDOWS\System32\ADVAPI32.dll
0x00007ffaaa890000 - 0x00007ffaaa927000 	C:\WINDOWS\System32\sechost.dll
0x00007ffaaa610000 - 0x00007ffaaa618000 	C:\WINDOWS\System32\PSAPI.DLL
0x00007ffaa0570000 - 0x00007ffaa057a000 	C:\WINDOWS\SYSTEM32\VERSION.dll
0x00007ffa9e340000 - 0x00007ffa9e364000 	C:\WINDOWS\SYSTEM32\WINMM.dll
0x00007ffa941d0000 - 0x00007ffa941d9000 	C:\WINDOWS\SYSTEM32\WSOCK32.dll
0x00007ffaa9af0000 - 0x00007ffaa9b5f000 	C:\WINDOWS\System32\WS2_32.dll
0x00007ffa9e310000 - 0x00007ffa9e33d000 	C:\WINDOWS\SYSTEM32\WINMMBASE.dll
0x00007ffaa7f10000 - 0x00007ffaa7f5a000 	C:\WINDOWS\System32\cfgmgr32.dll
0x00007ffaa78c0000 - 0x00007ffaa78d1000 	C:\WINDOWS\System32\kernel.appcore.dll
0x00007ffaa4a20000 - 0x00007ffaa4a31000 	D:\Android\Android Studio\jre\bin\verify.dll
0x00007ffaa61b0000 - 0x00007ffaa63a4000 	C:\WINDOWS\SYSTEM32\DBGHELP.DLL
0x00007ffa91a50000 - 0x00007ffa91a7a000 	C:\WINDOWS\SYSTEM32\dbgcore.DLL
0x00007ffaa46b0000 - 0x00007ffaa46d9000 	D:\Android\Android Studio\jre\bin\java.dll
0x00007ffaa55d0000 - 0x00007ffaa55db000 	D:\Android\Android Studio\jre\bin\jimage.dll
0x00007ffaa4720000 - 0x00007ffaa4738000 	D:\Android\Android Studio\jre\bin\zip.dll
0x00007ffaa9cc0000 - 0x00007ffaaa3a7000 	C:\WINDOWS\System32\SHELL32.dll
0x00007ffaa9280000 - 0x00007ffaa9328000 	C:\WINDOWS\System32\shcore.dll
0x00007ffaa7f60000 - 0x00007ffaa86db000 	C:\WINDOWS\System32\windows.storage.dll
0x00007ffaa7950000 - 0x00007ffaa796e000 	C:\WINDOWS\System32\profapi.dll
0x00007ffaa78e0000 - 0x00007ffaa792a000 	C:\WINDOWS\System32\powrprof.dll
0x00007ffaa78b0000 - 0x00007ffaa78c0000 	C:\WINDOWS\System32\UMPDC.dll
0x00007ffaaa830000 - 0x00007ffaaa882000 	C:\WINDOWS\System32\shlwapi.dll
0x00007ffaa7970000 - 0x00007ffaa7987000 	C:\WINDOWS\System32\cryptsp.dll
0x00007ffaa0ba0000 - 0x00007ffaa0bba000 	D:\Android\Android Studio\jre\bin\net.dll
0x00007ffa9e080000 - 0x00007ffa9e17a000 	C:\WINDOWS\SYSTEM32\WINHTTP.dll
0x00007ffaa70f0000 - 0x00007ffaa7157000 	C:\WINDOWS\system32\mswsock.dll
0x00007ffa99ee0000 - 0x00007ffa99ef4000 	D:\Android\Android Studio\jre\bin\nio.dll
0x00007ffa99130000 - 0x00007ffa99156000 	C:\Users\¹Ë±¾Áú\.gradle\wrapper\dists\gradle-5.4.1-all\native\29\windows-amd64\native-platform.dll
0x00007ffaa4ef0000 - 0x00007ffaa4efa000 	D:\Android\Android Studio\jre\bin\management.dll
0x00007ffaa4c40000 - 0x00007ffaa4c4c000 	D:\Android\Android Studio\jre\bin\management_ext.dll
0x00007ffaa6c70000 - 0x00007ffaa6ca3000 	C:\WINDOWS\system32\rsaenh.dll
0x00007ffaa86e0000 - 0x00007ffaa8706000 	C:\WINDOWS\System32\bcrypt.dll
0x00007ffaa77a0000 - 0x00007ffaa77c5000 	C:\WINDOWS\SYSTEM32\USERENV.dll
0x00007ffaa72c0000 - 0x00007ffaa72cc000 	C:\WINDOWS\SYSTEM32\CRYPTBASE.dll
0x00007ffaa6e00000 - 0x00007ffaa6e3a000 	C:\WINDOWS\SYSTEM32\IPHLPAPI.DLL
0x00007ffaa9400000 - 0x00007ffaa9408000 	C:\WINDOWS\System32\NSI.dll
0x00007ffa9faf0000 - 0x00007ffa9fb06000 	C:\WINDOWS\SYSTEM32\dhcpcsvc6.DLL
0x00007ffaa00e0000 - 0x00007ffaa00fc000 	C:\WINDOWS\SYSTEM32\dhcpcsvc.DLL
0x00007ffaa6e50000 - 0x00007ffaa6f1b000 	C:\WINDOWS\SYSTEM32\DNSAPI.dll
0x00007ffa99d40000 - 0x00007ffa99d67000 	D:\Android\Android Studio\jre\bin\sunec.dll
0x00007ffa90490000 - 0x00007ffa904db000 	C:\Program Files (x86)\Sangfor\SSL\ClientComponent\SangforNspX64.dll
0x00007ffaa8fe0000 - 0x00007ffaa9137000 	C:\WINDOWS\System32\ole32.dll
0x00007ffaa9410000 - 0x00007ffaa94d5000 	C:\WINDOWS\System32\OLEAUT32.dll
0x000000006d970000 - 0x000000006d996000 	C:\Program Files\Bonjour\mdnsNSP.dll
0x00007ffa9e070000 - 0x00007ffa9e07a000 	C:\Windows\System32\rasadhlp.dll
0x00007ffa9fa10000 - 0x00007ffa9fa87000 	C:\WINDOWS\System32\fwpuclnt.dll

dbghelp: loaded successfully - version: 4.0.5 - missing functions: none
symbol engine: initialized successfully - sym options: 0x614 - pdb path: .;D:\Android\Android Studio\jre\bin;C:\WINDOWS\SYSTEM32;C:\WINDOWS\WinSxS\amd64_microsoft.windows.common-controls_6595b64144ccf1df_6.0.18362.1556_none_9e7e372fe45e41d5;D:\Android\Android Studio\jre\bin\server;C:\Users\¹Ë±¾Áú\.gradle\wrapper\dists\gradle-5.4.1-all\native\29\windows-am;C:\Users\¹Ë±¾Áú\.gradle\wrapper\dists\gradle-5.4.1-all\native\29\windows;C:\Users\¹Ë±¾Áú\.gradle\wrapper\dists\gradle-5.4.1-all\native\29\wind;C:\Users\¹Ë±¾Áú\.gradle\wrapper\dists\gradle-5.4.1-all\native\29\w;C:\Users\¹Ë±¾Áú\.gradle\wrapper\dists\gradle-5.4.1-all\native\2;C:\Users\¹Ë±¾Áú\.gradle\wrapper\dists\gradle-5.4.1-all\native\29\windows-amd64;C:\Program Files (x86)\Sangfor\SSL\ClientComponent;C:\Pro

VM Arguments:
jvm_args: -XX:MaxPermSize=512m -XX:+HeapDumpOnOutOfMemoryError --add-opens=java.base/java.util=ALL-UNNAMED --add-opens=java.base/java.lang=ALL-UNNAMED --add-opens=java.base/java.lang.invoke=ALL-UNNAMED --add-opens=java.prefs/java.util.prefs=ALL-UNNAMED -Xmx2048m -Dfile.encoding=UTF-8 -Duser.country=CN -Duser.language=zh -Duser.variant 
java_command: org.gradle.launcher.daemon.bootstrap.GradleDaemon 5.4.1
java_class_path (initial): C:\Users\¹Ë±¾Áú\.gradle\wrapper\dists\gradle-5.4.1-all\wrapper\dists\gradle-5.4.1-all\3221gyojl5jsh0helicew7rwx\gradle-5.4.1\lib\gradle-launcher-5.4.1.jar
Launcher Type: SUN_STANDARD

[Global flags]
     intx CICompilerCount                          = 4                                         {product} {ergonomic}
     uint ConcGCThreads                            = 3                                         {product} {ergonomic}
     uint G1ConcRefinementThreads                  = 10                                        {product} {ergonomic}
   size_t G1HeapRegionSize                         = 1048576                                   {product} {ergonomic}
    uintx GCDrainStackTargetSize                   = 64                                        {product} {ergonomic}
     bool HeapDumpOnOutOfMemoryError               = true                                   {manageable} {command line}
   size_t InitialHeapSize                          = 134217728                                 {product} {ergonomic}
   size_t MarkStackSize                            = 4194304                                   {product} {ergonomic}
   size_t MaxHeapSize                              = 2147483648                                {product} {command line}
   size_t MaxNewSize                               = 1287651328                                {product} {ergonomic}
   size_t MinHeapDeltaBytes                        = 1048576                                   {product} {ergonomic}
    uintx NonNMethodCodeHeapSize                   = 5836300                                {pd product} {ergonomic}
    uintx NonProfiledCodeHeapSize                  = 122910970                              {pd product} {ergonomic}
    uintx ProfiledCodeHeapSize                     = 122910970                              {pd product} {ergonomic}
    uintx ReservedCodeCacheSize                    = 251658240                              {pd product} {ergonomic}
     bool SegmentedCodeCache                       = true                                      {product} {ergonomic}
     bool UseCompressedClassPointers               = true                                 {lp64_product} {ergonomic}
     bool UseCompressedOops                        = true                                 {lp64_product} {ergonomic}
     bool UseG1GC                                  = true                                      {product} {ergonomic}
     bool UseLargePagesIndividualAllocation        = false                                  {pd product} {ergonomic}

Logging:
Log output configuration:
 #0: stdout all=warning uptime,level,tags
 #1: stderr all=off uptime,level,tags

Environment Variables:
JAVA_HOME=D:\Java\jdk1.8.0_231
CLASSPATH=.; D:\Java\jdk1.8.0_231\lib; 
PATH=C:\Program Files (x86)\Common Files\Oracle\Java\javapath;C:\Program Files (x86)\Intel\Intel(R) Management Engine Components\iCLS\;C:\Program Files\Intel\Intel(R) Management Engine Components\iCLS\;C:\windows\system32;C:\windows;C:\windows\System32\Wbem;C:\windows\System32\WindowsPowerShell\v1.0\;C:\windows\System32\OpenSSH\;C:\Program Files (x86)\Intel\Intel(R) Management Engine Components\DAL;C:\Program Files\Intel\Intel(R) Management Engine Components\DAL;C:\Program Files (x86)\Intel\Intel(R) Management Engine Components\IPT;C:\Program Files\Intel\Intel(R) Management Engine Components\IPT;C:\Program Files (x86)\NVIDIA Corporation\PhysX\Common;C:\Program Files\Intel\WiFi\bin\;C:\Program Files\Common Files\Intel\WirelessCommon\;C:\WINDOWS\system32;C:\WINDOWS;C:\WINDOWS\System32\Wbem;C:\WINDOWS\System32\WindowsPowerShell\v1.0\;C:\WINDOWS\System32\OpenSSH\;D:\Java\jdk1.8.0_231\bin;D:\gubenlong\Android\Sdk\platform-tools;D:\gubenlong\Android\Sdk\tools;C:\Users\¹Ë±¾Áú\AppData\Local\Microsoft\WindowsApps;
USERNAME=¹Ë±¾Áú
OS=Windows_NT
PROCESSOR_IDENTIFIER=Intel64 Family 6 Model 158 Stepping 10, GenuineIntel



---------------  S Y S T E M  ---------------

OS: Windows 10 , 64 bit Build 18362 (10.0.18362.1500)
OS uptime: 42 days 2:10 hours

CPU:total 12 (initial active 12) (6 cores per cpu, 2 threads per core) family 6 model 158 stepping 10 microcode 0xde, cmov, cx8, fxsr, mmx, sse, sse2, sse3, ssse3, sse4.1, sse4.2, popcnt, avx, avx2, aes, clmul, erms, 3dnowpref, lzcnt, ht, tsc, tscinvbit, bmi1, bmi2, adx, fma

Memory: 4k page, system-wide physical 8080M (392M free)
TotalPageFile size 23185M (AvailPageFile size 308M)
current process WorkingSet (physical memory assigned to process): 439M, peak: 439M
current process commit charge ("private bytes"): 563M, peak: 1001M

vm_info: OpenJDK 64-Bit Server VM (11.0.10+0-b96-7249189) for windows-amd64 JRE (11.0.10+0-b96-7249189), built on Mar 31 2021 21:44:00 by "builder" with MS VC++ 14.0 (VS2015)

END.
